2025-06-17T21:48:46.975+09:00  INFO 27792 --- [main] com.coinmanager.CoinManagerApplication   : Starting CoinManagerApplication using Java 21.0.7 with PID 27792 (C:\GitHub\CoinManager\build\classes\java\main started by yjpar in C:\GitHub\CoinManager)
2025-06-17T21:48:46.977+09:00  INFO 27792 --- [main] com.coinmanager.CoinManagerApplication   : The following 1 profile is active: "backtest"
2025-06-17T21:48:47.300+09:00  INFO 27792 --- [main] .s.d.r.c.RepositoryConfigurationDelegate : Bootstrapping Spring Data JPA repositories in DEFAULT mode.
2025-06-17T21:48:47.334+09:00  INFO 27792 --- [main] .s.d.r.c.RepositoryConfigurationDelegate : Finished Spring Data repository scanning in 29 ms. Found 1 JPA repository interface.
2025-06-17T21:48:47.559+09:00  INFO 27792 --- [main] o.hibernate.jpa.internal.util.LogHelper  : HHH000204: Processing PersistenceUnitInfo [name: default]
2025-06-17T21:48:47.593+09:00  INFO 27792 --- [main] org.hibernate.Version                    : HHH000412: Hibernate ORM core version 6.6.15.Final
2025-06-17T21:48:47.611+09:00  INFO 27792 --- [main] o.h.c.internal.RegionFactoryInitiator    : HHH000026: Second-level cache disabled
2025-06-17T21:48:47.774+09:00  INFO 27792 --- [main] o.s.o.j.p.SpringPersistenceUnitInfo      : No LoadTimeWeaver setup: ignoring JPA class transformer
2025-06-17T21:48:47.790+09:00  INFO 27792 --- [main] com.zaxxer.hikari.HikariDataSource       : HikariPool-1 - Starting...
2025-06-17T21:48:47.905+09:00  INFO 27792 --- [main] com.zaxxer.hikari.pool.HikariPool        : HikariPool-1 - Added connection conn0: url=jdbc:h2:mem:ecbb3b28-1733-4350-9691-e569df924129 user=SA
2025-06-17T21:48:47.906+09:00  INFO 27792 --- [main] com.zaxxer.hikari.HikariDataSource       : HikariPool-1 - Start completed.
2025-06-17T21:48:47.939+09:00  INFO 27792 --- [main] org.hibernate.orm.connections.pooling    : HHH10001005: Database info:
	Database JDBC URL [Connecting through datasource 'HikariDataSource (HikariPool-1)']
	Database driver: undefined/unknown
	Database version: 2.3.232
	Autocommit mode: undefined/unknown
	Isolation level: undefined/unknown
	Minimum pool size: undefined/unknown
	Maximum pool size: undefined/unknown
2025-06-17T21:48:48.410+09:00  INFO 27792 --- [main] o.h.e.t.j.p.i.JtaPlatformInitiator       : HHH000489: No JTA platform available (set 'hibernate.transaction.jta.platform' to enable JTA platform integration)
2025-06-17T21:48:48.412+09:00  INFO 27792 --- [main] j.LocalContainerEntityManagerFactoryBean : Initialized JPA EntityManagerFactory for persistence unit 'default'
2025-06-17T21:48:48.555+09:00  INFO 27792 --- [main] o.s.d.j.r.query.QueryEnhancerFactory     : Hibernate is in classpath; If applicable, HQL parser will be used.
2025-06-17T21:48:48.976+09:00  INFO 27792 --- [main] com.coinmanager.CoinManagerApplication   : Started CoinManagerApplication in 2.287 seconds (process running for 2.506)
2025-06-17T21:48:48.978+09:00  INFO 27792 --- [main] c.coinmanager.backtest.BacktestCommand   : 백테스트 시작 -> path: data/KRWBTC_1m_200000.csv
2025-06-17T21:48:49.498+09:00  INFO 27792 --- [main] c.coinmanager.backtest.BacktestRunner    : 로드된 캔들 수 = 200000
2025-06-17T21:48:50.926+09:00  INFO 27792 --- [main] c.coinmanager.backtest.BacktestRunner    : ============== RESULT ==============

2025-06-17T21:48:50.926+09:00  INFO 27792 --- [main] c.coinmanager.backtest.BacktestRunner    : Total Assets : 9948287.131018550000 won

2025-06-17T21:48:50.926+09:00  INFO 27792 --- [main] c.coinmanager.backtest.BacktestRunner    : Yield    : -0.52 %

2025-06-17T21:48:50.926+09:00  INFO 27792 --- [main] c.coinmanager.backtest.BacktestRunner    : MDD       : 0.60 %

2025-06-17T21:48:50.928+09:00  INFO 27792 --- [main] c.coinmanager.backtest.BacktestRunner    : 결과 CSV 추가 완료 → C:\GitHub\CoinManager\data\result.csv
2025-06-17T21:48:50.931+09:00  INFO 27792 --- [SpringApplicationShutdownHook] j.LocalContainerEntityManagerFactoryBean : Closing JPA EntityManagerFactory for persistence unit 'default'
2025-06-17T21:48:50.932+09:00  INFO 27792 --- [SpringApplicationShutdownHook] com.zaxxer.hikari.HikariDataSource       : HikariPool-1 - Shutdown initiated...
2025-06-17T21:48:50.933+09:00  INFO 27792 --- [SpringApplicationShutdownHook] com.zaxxer.hikari.HikariDataSource       : HikariPool-1 - Shutdown completed.
2025-06-17T21:49:25.802+09:00  INFO 13444 --- [main] com.coinmanager.CoinManagerApplication   : Starting CoinManagerApplication using Java 21.0.7 with PID 13444 (C:\GitHub\CoinManager\build\classes\java\main started by yjpar in C:\GitHub\CoinManager)
2025-06-17T21:49:25.804+09:00  INFO 13444 --- [main] com.coinmanager.CoinManagerApplication   : The following 1 profile is active: "backtest"
2025-06-17T21:49:26.143+09:00  INFO 13444 --- [main] .s.d.r.c.RepositoryConfigurationDelegate : Bootstrapping Spring Data JPA repositories in DEFAULT mode.
2025-06-17T21:49:26.185+09:00  INFO 13444 --- [main] .s.d.r.c.RepositoryConfigurationDelegate : Finished Spring Data repository scanning in 36 ms. Found 1 JPA repository interface.
2025-06-17T21:49:26.426+09:00  INFO 13444 --- [main] o.hibernate.jpa.internal.util.LogHelper  : HHH000204: Processing PersistenceUnitInfo [name: default]
2025-06-17T21:49:26.457+09:00  INFO 13444 --- [main] org.hibernate.Version                    : HHH000412: Hibernate ORM core version 6.6.15.Final
2025-06-17T21:49:26.479+09:00  INFO 13444 --- [main] o.h.c.internal.RegionFactoryInitiator    : HHH000026: Second-level cache disabled
2025-06-17T21:49:26.651+09:00  INFO 13444 --- [main] o.s.o.j.p.SpringPersistenceUnitInfo      : No LoadTimeWeaver setup: ignoring JPA class transformer
2025-06-17T21:49:26.667+09:00  INFO 13444 --- [main] com.zaxxer.hikari.HikariDataSource       : HikariPool-1 - Starting...
2025-06-17T21:49:26.781+09:00  INFO 13444 --- [main] com.zaxxer.hikari.pool.HikariPool        : HikariPool-1 - Added connection conn0: url=jdbc:h2:mem:afe8c313-90b8-442e-9850-56767521b44c user=SA
2025-06-17T21:49:26.782+09:00  INFO 13444 --- [main] com.zaxxer.hikari.HikariDataSource       : HikariPool-1 - Start completed.
2025-06-17T21:49:26.813+09:00  INFO 13444 --- [main] org.hibernate.orm.connections.pooling    : HHH10001005: Database info:
	Database JDBC URL [Connecting through datasource 'HikariDataSource (HikariPool-1)']
	Database driver: undefined/unknown
	Database version: 2.3.232
	Autocommit mode: undefined/unknown
	Isolation level: undefined/unknown
	Minimum pool size: undefined/unknown
	Maximum pool size: undefined/unknown
2025-06-17T21:49:27.308+09:00  INFO 13444 --- [main] o.h.e.t.j.p.i.JtaPlatformInitiator       : HHH000489: No JTA platform available (set 'hibernate.transaction.jta.platform' to enable JTA platform integration)
2025-06-17T21:49:27.310+09:00  INFO 13444 --- [main] j.LocalContainerEntityManagerFactoryBean : Initialized JPA EntityManagerFactory for persistence unit 'default'
2025-06-17T21:49:27.497+09:00  INFO 13444 --- [main] o.s.d.j.r.query.QueryEnhancerFactory     : Hibernate is in classpath; If applicable, HQL parser will be used.
2025-06-17T21:49:28.021+09:00  INFO 13444 --- [main] com.coinmanager.CoinManagerApplication   : Started CoinManagerApplication in 2.527 seconds (process running for 2.755)
2025-06-17T21:49:28.023+09:00  INFO 13444 --- [main] c.coinmanager.backtest.BacktestCommand   : 백테스트 시작 -> path: data/KRWBTC_1m_200000.csv
2025-06-17T21:49:28.574+09:00  INFO 13444 --- [main] c.coinmanager.backtest.BacktestRunner    : 로드된 캔들 수 = 200000
2025-06-17T21:49:30.076+09:00  INFO 13444 --- [main] c.coinmanager.backtest.BacktestRunner    : ============== RESULT ==============

2025-06-17T21:49:30.076+09:00  INFO 13444 --- [main] c.coinmanager.backtest.BacktestRunner    : Total Assets : 9948287.131018550000 won

2025-06-17T21:49:30.076+09:00  INFO 13444 --- [main] c.coinmanager.backtest.BacktestRunner    : Yield    : -0.52 %

2025-06-17T21:49:30.076+09:00  INFO 13444 --- [main] c.coinmanager.backtest.BacktestRunner    : MDD       : 0.60 %

2025-06-17T21:49:30.078+09:00  INFO 13444 --- [main] c.coinmanager.backtest.BacktestRunner    : 결과 CSV 추가 완료 → C:\GitHub\CoinManager\data\result.csv
2025-06-17T21:49:30.081+09:00  INFO 13444 --- [SpringApplicationShutdownHook] j.LocalContainerEntityManagerFactoryBean : Closing JPA EntityManagerFactory for persistence unit 'default'
2025-06-17T21:49:30.082+09:00  INFO 13444 --- [SpringApplicationShutdownHook] com.zaxxer.hikari.HikariDataSource       : HikariPool-1 - Shutdown initiated...
2025-06-17T21:49:30.083+09:00  INFO 13444 --- [SpringApplicationShutdownHook] com.zaxxer.hikari.HikariDataSource       : HikariPool-1 - Shutdown completed.
